# JRE version: 7.0_21-b11
# Java VM: Java HotSpot(TM) 64-Bit Server VM (23.21-b01 mixed mode linux-amd64 compressed oops)
Heap
 PSYoungGen      total 360512K, used 191886K [0x00000000e5d60000, 0x00000000ff220000, 0x0000000100000000)
  eden space 314112K, 61% used [0x00000000e5d60000,0x00000000f18c3b38,0x00000000f9020000)
  from space 46400K, 0% used [0x00000000fc4d0000,0x00000000fc4d0000,0x00000000ff220000)
  to   space 50176K, 0% used [0x00000000f9020000,0x00000000f9020000,0x00000000fc120000)
 ParOldGen       total 682688K, used 251048K [0x00000000b1800000, 0x00000000db2b0000, 0x00000000e5d60000)
  object space 682688K, 36% used [0x00000000b1800000,0x00000000c0d2a028,0x00000000db2b0000)
 PSPermGen       total 75456K, used 75455K [0x00000000ac600000, 0x00000000b0fb0000, 0x00000000b1800000)
  object space 75456K, 99% used [0x00000000ac600000,0x00000000b0fafd70,0x00000000b0fb0000)
GC Heap History (10 events):
Event: 461.767 GC heap before
{Heap before GC invocations=39 (full 2):
 PSYoungGen      total 354176K, used 290464K [0x00000000e5d60000, 0x00000000ff5d0000, 0x0000000100000000)
  eden space 289600K, 100% used [0x00000000e5d60000,0x00000000f7830000,0x00000000f7830000)
  from space 64576K, 1% used [0x00000000fb6c0000,0x00000000fb798020,0x00000000ff5d0000)
  to   space 64064K, 0% used [0x00000000f7830000,0x00000000f7830000,0x00000000fb6c0000)
 ParOldGen       total 682688K, used 291929K [0x00000000b1800000, 0x00000000db2b0000, 0x00000000e5d60000)
  object space 682688K, 42% used [0x00000000b1800000,0x00000000c35164a0,0x00000000db2b0000)
 PSPermGen       total 75264K, used 75219K [0x00000000ac600000, 0x00000000b0f80000, 0x00000000b1800000)
  object space 75264K, 99% used [0x00000000ac600000,0x00000000b0f74f68,0x00000000b0f80000)
Event: 461.774 GC heap after
Heap after GC invocations=39 (full 2):
 PSYoungGen      total 353664K, used 160K [0x00000000e5d60000, 0x00000000ff900000, 0x0000000100000000)
  eden space 289600K, 0% used [0x00000000e5d60000,0x00000000e5d60000,0x00000000f7830000)
  from space 64064K, 0% used [0x00000000f7830000,0x00000000f7858000,0x00000000fb6c0000)
  to   space 60736K, 0% used [0x00000000fbdb0000,0x00000000fbdb0000,0x00000000ff900000)
 ParOldGen       total 682688K, used 292681K [0x00000000b1800000, 0x00000000db2b0000, 0x00000000e5d60000)
  object space 682688K, 42% used [0x00000000b1800000,0x00000000c35d24c0,0x00000000db2b0000)
 PSPermGen       total 75264K, used 75219K [0x00000000ac600000, 0x00000000b0f80000, 0x00000000b1800000)
  object space 75264K, 99% used [0x00000000ac600000,0x00000000b0f74f68,0x00000000b0f80000)
}
Event: 512.731 GC heap before
{Heap before GC invocations=40 (full 2):
 PSYoungGen      total 353664K, used 289760K [0x00000000e5d60000, 0x00000000ff900000, 0x0000000100000000)
  eden space 289600K, 100% used [0x00000000e5d60000,0x00000000f7830000,0x00000000f7830000)
  from space 64064K, 0% used [0x00000000f7830000,0x00000000f7858000,0x00000000fb6c0000)
  to   space 60736K, 0% used [0x00000000fbdb0000,0x00000000fbdb0000,0x00000000ff900000)
 ParOldGen       total 682688K, used 292681K [0x00000000b1800000, 0x00000000db2b0000, 0x00000000e5d60000)
  object space 682688K, 42% used [0x00000000b1800000,0x00000000c35d24c0,0x00000000db2b0000)
 PSPermGen       total 75264K, used 75244K [0x00000000ac600000, 0x00000000b0f80000, 0x00000000b1800000)
  object space 75264K, 99% used [0x00000000ac600000,0x00000000b0f7b008,0x00000000b0f80000)
Event: 512.739 GC heap after
Heap after GC invocations=40 (full 2):
 PSYoungGen      total 361024K, used 1920K [0x00000000e5d60000, 0x00000000ff5c0000, 0x0000000100000000)
  eden space 303616K, 0% used [0x00000000e5d60000,0x00000000e5d60000,0x00000000f85e0000)
  from space 57408K, 3% used [0x00000000fbdb0000,0x00000000fbf90000,0x00000000ff5c0000)
  to   space 57152K, 0% used [0x00000000f85e0000,0x00000000f85e0000,0x00000000fbdb0000)
 ParOldGen       total 682688K, used 292713K [0x00000000b1800000, 0x00000000db2b0000, 0x00000000e5d60000)
  object space 682688K, 42% used [0x00000000b1800000,0x00000000c35da4c0,0x00000000db2b0000)
 PSPermGen       total 75264K, used 75244K [0x00000000ac600000, 0x00000000b0f80000, 0x00000000b1800000)
  object space 75264K, 99% used [0x00000000ac600000,0x00000000b0f7b008,0x00000000b0f80000)
}
Event: 512.819 GC heap before
{Heap before GC invocations=41 (full 2):
 PSYoungGen      total 361024K, used 305536K [0x00000000e5d60000, 0x00000000ff5c0000, 0x0000000100000000)
  eden space 303616K, 100% used [0x00000000e5d60000,0x00000000f85e0000,0x00000000f85e0000)
  from space 57408K, 3% used [0x00000000fbdb0000,0x00000000fbf90000,0x00000000ff5c0000)
  to   space 57152K, 0% used [0x00000000f85e0000,0x00000000f85e0000,0x00000000fbdb0000)
 ParOldGen       total 682688K, used 292713K [0x00000000b1800000, 0x00000000db2b0000, 0x00000000e5d60000)
  object space 682688K, 42% used [0x00000000b1800000,0x00000000c35da4c0,0x00000000db2b0000)
 PSPermGen       total 75264K, used 75244K [0x00000000ac600000, 0x00000000b0f80000, 0x00000000b1800000)
  object space 75264K, 99% used [0x00000000ac600000,0x00000000b0f7b008,0x00000000b0f80000)
Event: 512.827 GC heap after
Heap after GC invocations=41 (full 2):
 PSYoungGen      total 360768K, used 64K [0x00000000e5d60000, 0x00000000ff980000, 0x0000000100000000)
  eden space 303616K, 0% used [0x00000000e5d60000,0x00000000e5d60000,0x00000000f85e0000)
  from space 57152K, 0% used [0x00000000f85e0000,0x00000000f85f0000,0x00000000fbdb0000)
  to   space 53952K, 0% used [0x00000000fc4d0000,0x00000000fc4d0000,0x00000000ff980000)
 ParOldGen       total 682688K, used 294285K [0x00000000b1800000, 0x00000000db2b0000, 0x00000000e5d60000)
  object space 682688K, 43% used [0x00000000b1800000,0x00000000c37634d0,0x00000000db2b0000)
 PSPermGen       total 75264K, used 75244K [0x00000000ac600000, 0x00000000b0f80000, 0x00000000b1800000)
  object space 75264K, 99% used [0x00000000ac600000,0x00000000b0f7b008,0x00000000b0f80000)
}
Event: 28957.058 GC heap before
{Heap before GC invocations=42 (full 2):
 PSYoungGen      total 360768K, used 262269K [0x00000000e5d60000, 0x00000000ff980000, 0x0000000100000000)
  eden space 303616K, 86% used [0x00000000e5d60000,0x00000000f5d6f700,0x00000000f85e0000)
  from space 57152K, 0% used [0x00000000f85e0000,0x00000000f85f0000,0x00000000fbdb0000)
  to   space 53952K, 0% used [0x00000000fc4d0000,0x00000000fc4d0000,0x00000000ff980000)
 ParOldGen       total 682688K, used 294285K [0x00000000b1800000, 0x00000000db2b0000, 0x00000000e5d60000)
  object space 682688K, 43% used [0x00000000b1800000,0x00000000c37634d0,0x00000000db2b0000)
 PSPermGen       total 75456K, used 75373K [0x00000000ac600000, 0x00000000b0fb0000, 0x00000000b1800000)
  object space 75456K, 99% used [0x00000000ac600000,0x00000000b0f9b610,0x00000000b0fb0000)
Event: 28957.072 GC heap after
Heap after GC invocations=42 (full 2):
 PSYoungGen      total 360512K, used 4064K [0x00000000e5d60000, 0x00000000ff220000, 0x0000000100000000)
  eden space 314112K, 0% used [0x00000000e5d60000,0x00000000e5d60000,0x00000000f9020000)
  from space 46400K, 8% used [0x00000000fc4d0000,0x00000000fc8c8080,0x00000000ff220000)
  to   space 50176K, 0% used [0x00000000f9020000,0x00000000f9020000,0x00000000fc120000)
 ParOldGen       total 682688K, used 294317K [0x00000000b1800000, 0x00000000db2b0000, 0x00000000e5d60000)
  object space 682688K, 43% used [0x00000000b1800000,0x00000000c376b4d0,0x00000000db2b0000)
 PSPermGen       total 75456K, used 75373K [0x00000000ac600000, 0x00000000b0fb0000, 0x00000000b1800000)
  object space 75456K, 99% used [0x00000000ac600000,0x00000000b0f9b610,0x00000000b0fb0000)
}
Event: 28957.072 GC heap before
{Heap before GC invocations=43 (full 3):
 PSYoungGen      total 360512K, used 4064K [0x00000000e5d60000, 0x00000000ff220000, 0x0000000100000000)
  eden space 314112K, 0% used [0x00000000e5d60000,0x00000000e5d60000,0x00000000f9020000)
  from space 46400K, 8% used [0x00000000fc4d0000,0x00000000fc8c8080,0x00000000ff220000)
  to   space 50176K, 0% used [0x00000000f9020000,0x00000000f9020000,0x00000000fc120000)
 ParOldGen       total 682688K, used 294317K [0x00000000b1800000, 0x00000000db2b0000, 0x00000000e5d60000)
  object space 682688K, 43% used [0x00000000b1800000,0x00000000c376b4d0,0x00000000db2b0000)
 PSPermGen       total 75456K, used 75373K [0x00000000ac600000, 0x00000000b0fb0000, 0x00000000b1800000)
  object space 75456K, 99% used [0x00000000ac600000,0x00000000b0f9b610,0x00000000b0fb0000)
Event: 28957.973 GC heap after
Heap after GC invocations=43 (full 3):
 PSYoungGen      total 360512K, used 0K [0x00000000e5d60000, 0x00000000ff220000, 0x0000000100000000)
  eden space 314112K, 0% used [0x00000000e5d60000,0x00000000e5d60000,0x00000000f9020000)
  from space 46400K, 0% used [0x00000000fc4d0000,0x00000000fc4d0000,0x00000000ff220000)
  to   space 50176K, 0% used [0x00000000f9020000,0x00000000f9020000,0x00000000fc120000)
 ParOldGen       total 682688K, used 251048K [0x00000000b1800000, 0x00000000db2b0000, 0x00000000e5d60000)
  object space 682688K, 36% used [0x00000000b1800000,0x00000000c0d2a028,0x00000000db2b0000)
 PSPermGen       total 75456K, used 74693K [0x00000000ac600000, 0x00000000b0fb0000, 0x00000000b1800000)
  object space 75456K, 98% used [0x00000000ac600000,0x00000000b0ef1410,0x00000000b0fb0000)
}

