# JRE version: 7.0_21-b11
# Java VM: Java HotSpot(TM) 64-Bit Server VM (23.21-b01 mixed mode linux-amd64 compressed oops)
Heap
 PSYoungGen      total 411968K, used 8274K [0x00000000e5d60000, 0x00000000ffe60000, 0x0000000100000000)
  eden space 398528K, 2% used [0x00000000e5d60000,0x00000000e6574b90,0x00000000fe290000)
  from space 13440K, 0% used [0x00000000fe290000,0x00000000fe290000,0x00000000fefb0000)
  to   space 12864K, 0% used [0x00000000ff1d0000,0x00000000ff1d0000,0x00000000ffe60000)
 ParOldGen       total 750272K, used 280470K [0x00000000b1800000, 0x00000000df4b0000, 0x00000000e5d60000)
  object space 750272K, 37% used [0x00000000b1800000,0x00000000c29e59f0,0x00000000df4b0000)
 PSPermGen       total 83968K, used 83952K [0x00000000ac600000, 0x00000000b1800000, 0x00000000b1800000)
  object space 83968K, 99% used [0x00000000ac600000,0x00000000b17fc3c0,0x00000000b1800000)
GC Heap History (10 events):
Event: 11346.869 GC heap before
{Heap before GC invocations=75 (full 6):
 PSYoungGen      total 410624K, used 2936K [0x00000000e5d60000, 0x00000000ffd90000, 0x0000000100000000)
  eden space 395200K, 0% used [0x00000000e5d60000,0x00000000e5d60000,0x00000000fdf50000)
  from space 15424K, 19% used [0x00000000fdf50000,0x00000000fe22e010,0x00000000fee60000)
  to   space 14208K, 0% used [0x00000000fefb0000,0x00000000fefb0000,0x00000000ffd90000)
 ParOldGen       total 682688K, used 282924K [0x00000000b1800000, 0x00000000db2b0000, 0x00000000e5d60000)
  object space 682688K, 41% used [0x00000000b1800000,0x00000000c2c4b2d8,0x00000000db2b0000)
 PSPermGen       total 83968K, used 83582K [0x00000000ac600000, 0x00000000b1800000, 0x00000000b1800000)
  object space 83968K, 99% used [0x00000000ac600000,0x00000000b179f8b8,0x00000000b1800000)
Event: 11347.399 GC heap after
Heap after GC invocations=75 (full 6):
 PSYoungGen      total 410624K, used 0K [0x00000000e5d60000, 0x00000000ffd90000, 0x0000000100000000)
  eden space 395200K, 0% used [0x00000000e5d60000,0x00000000e5d60000,0x00000000fdf50000)
  from space 15424K, 0% used [0x00000000fdf50000,0x00000000fdf50000,0x00000000fee60000)
  to   space 14208K, 0% used [0x00000000fefb0000,0x00000000fefb0000,0x00000000ffd90000)
 ParOldGen       total 682688K, used 281227K [0x00000000b1800000, 0x00000000db2b0000, 0x00000000e5d60000)
  object space 682688K, 41% used [0x00000000b1800000,0x00000000c2aa2d28,0x00000000db2b0000)
 PSPermGen       total 83968K, used 83576K [0x00000000ac600000, 0x00000000b1800000, 0x00000000b1800000)
  object space 83968K, 99% used [0x00000000ac600000,0x00000000b179e200,0x00000000b1800000)
}
Event: 12477.498 GC heap before
{Heap before GC invocations=76 (full 6):
 PSYoungGen      total 410624K, used 63457K [0x00000000e5d60000, 0x00000000ffd90000, 0x0000000100000000)
  eden space 395200K, 16% used [0x00000000e5d60000,0x00000000e9b58558,0x00000000fdf50000)
  from space 15424K, 0% used [0x00000000fdf50000,0x00000000fdf50000,0x00000000fee60000)
  to   space 14208K, 0% used [0x00000000fefb0000,0x00000000fefb0000,0x00000000ffd90000)
 ParOldGen       total 682688K, used 281227K [0x00000000b1800000, 0x00000000db2b0000, 0x00000000e5d60000)
  object space 682688K, 41% used [0x00000000b1800000,0x00000000c2aa2d28,0x00000000db2b0000)
 PSPermGen       total 83968K, used 83958K [0x00000000ac600000, 0x00000000b1800000, 0x00000000b1800000)
  object space 83968K, 99% used [0x00000000ac600000,0x00000000b17fd818,0x00000000b1800000)
Event: 12477.505 GC heap after
Heap after GC invocations=76 (full 6):
 PSYoungGen      total 412480K, used 852K [0x00000000e5d60000, 0x00000000ffd50000, 0x0000000100000000)
  eden space 398528K, 0% used [0x00000000e5d60000,0x00000000e5d60000,0x00000000fe290000)
  from space 13952K, 6% used [0x00000000fefb0000,0x00000000ff085010,0x00000000ffd50000)
  to   space 13440K, 0% used [0x00000000fe290000,0x00000000fe290000,0x00000000fefb0000)
 ParOldGen       total 682688K, used 281227K [0x00000000b1800000, 0x00000000db2b0000, 0x00000000e5d60000)
  object space 682688K, 41% used [0x00000000b1800000,0x00000000c2aa2d28,0x00000000db2b0000)
 PSPermGen       total 83968K, used 83958K [0x00000000ac600000, 0x00000000b1800000, 0x00000000b1800000)
  object space 83968K, 99% used [0x00000000ac600000,0x00000000b17fd818,0x00000000b1800000)
}
Event: 12477.505 GC heap before
{Heap before GC invocations=77 (full 7):
 PSYoungGen      total 412480K, used 852K [0x00000000e5d60000, 0x00000000ffd50000, 0x0000000100000000)
  eden space 398528K, 0% used [0x00000000e5d60000,0x00000000e5d60000,0x00000000fe290000)
  from space 13952K, 6% used [0x00000000fefb0000,0x00000000ff085010,0x00000000ffd50000)
  to   space 13440K, 0% used [0x00000000fe290000,0x00000000fe290000,0x00000000fefb0000)
 ParOldGen       total 682688K, used 281227K [0x00000000b1800000, 0x00000000db2b0000, 0x00000000e5d60000)
  object space 682688K, 41% used [0x00000000b1800000,0x00000000c2aa2d28,0x00000000db2b0000)
 PSPermGen       total 83968K, used 83958K [0x00000000ac600000, 0x00000000b1800000, 0x00000000b1800000)
  object space 83968K, 99% used [0x00000000ac600000,0x00000000b17fd818,0x00000000b1800000)
Event: 12477.945 GC heap after
Heap after GC invocations=77 (full 7):
 PSYoungGen      total 412480K, used 0K [0x00000000e5d60000, 0x00000000ffd50000, 0x0000000100000000)
  eden space 398528K, 0% used [0x00000000e5d60000,0x00000000e5d60000,0x00000000fe290000)
  from space 13952K, 0% used [0x00000000fefb0000,0x00000000fefb0000,0x00000000ffd50000)
  to   space 13440K, 0% used [0x00000000fe290000,0x00000000fe290000,0x00000000fefb0000)
 ParOldGen       total 682688K, used 280470K [0x00000000b1800000, 0x00000000db2b0000, 0x00000000e5d60000)
  object space 682688K, 41% used [0x00000000b1800000,0x00000000c29e59f0,0x00000000db2b0000)
 PSPermGen       total 83968K, used 83952K [0x00000000ac600000, 0x00000000b1800000, 0x00000000b1800000)
  object space 83968K, 99% used [0x00000000ac600000,0x00000000b17fc3c0,0x00000000b1800000)
}
Event: 12477.945 GC heap before
{Heap before GC invocations=78 (full 7):
 PSYoungGen      total 412480K, used 0K [0x00000000e5d60000, 0x00000000ffd50000, 0x0000000100000000)
  eden space 398528K, 0% used [0x00000000e5d60000,0x00000000e5d60000,0x00000000fe290000)
  from space 13952K, 0% used [0x00000000fefb0000,0x00000000fefb0000,0x00000000ffd50000)
  to   space 13440K, 0% used [0x00000000fe290000,0x00000000fe290000,0x00000000fefb0000)
 ParOldGen       total 682688K, used 280470K [0x00000000b1800000, 0x00000000db2b0000, 0x00000000e5d60000)
  object space 682688K, 41% used [0x00000000b1800000,0x00000000c29e59f0,0x00000000db2b0000)
 PSPermGen       total 83968K, used 83952K [0x00000000ac600000, 0x00000000b1800000, 0x00000000b1800000)
  object space 83968K, 99% used [0x00000000ac600000,0x00000000b17fc3c0,0x00000000b1800000)
Event: 12477.949 GC heap after
Heap after GC invocations=78 (full 7):
 PSYoungGen      total 411968K, used 0K [0x00000000e5d60000, 0x00000000ffe60000, 0x0000000100000000)
  eden space 398528K, 0% used [0x00000000e5d60000,0x00000000e5d60000,0x00000000fe290000)
  from space 13440K, 0% used [0x00000000fe290000,0x00000000fe290000,0x00000000fefb0000)
  to   space 12864K, 0% used [0x00000000ff1d0000,0x00000000ff1d0000,0x00000000ffe60000)
 ParOldGen       total 682688K, used 280470K [0x00000000b1800000, 0x00000000db2b0000, 0x00000000e5d60000)
  object space 682688K, 41% used [0x00000000b1800000,0x00000000c29e59f0,0x00000000db2b0000)
 PSPermGen       total 83968K, used 83952K [0x00000000ac600000, 0x00000000b1800000, 0x00000000b1800000)
  object space 83968K, 99% used [0x00000000ac600000,0x00000000b17fc3c0,0x00000000b1800000)
}
Event: 12477.949 GC heap before
{Heap before GC invocations=79 (full 8):
 PSYoungGen      total 411968K, used 0K [0x00000000e5d60000, 0x00000000ffe60000, 0x0000000100000000)
  eden space 398528K, 0% used [0x00000000e5d60000,0x00000000e5d60000,0x00000000fe290000)
  from space 13440K, 0% used [0x00000000fe290000,0x00000000fe290000,0x00000000fefb0000)
  to   space 12864K, 0% used [0x00000000ff1d0000,0x00000000ff1d0000,0x00000000ffe60000)
 ParOldGen       total 682688K, used 280470K [0x00000000b1800000, 0x00000000db2b0000, 0x00000000e5d60000)
  object space 682688K, 41% used [0x00000000b1800000,0x00000000c29e59f0,0x00000000db2b0000)
 PSPermGen       total 83968K, used 83952K [0x00000000ac600000, 0x00000000b1800000, 0x00000000b1800000)
  object space 83968K, 99% used [0x00000000ac600000,0x00000000b17fc3c0,0x00000000b1800000)
Event: 12478.375 GC heap after
Heap after GC invocations=79 (full 8):
 PSYoungGen      total 411968K, used 0K [0x00000000e5d60000, 0x00000000ffe60000, 0x0000000100000000)
  eden space 398528K, 0% used [0x00000000e5d60000,0x00000000e5d60000,0x00000000fe290000)
  from space 13440K, 0% used [0x00000000fe290000,0x00000000fe290000,0x00000000fefb0000)
  to   space 12864K, 0% used [0x00000000ff1d0000,0x00000000ff1d0000,0x00000000ffe60000)
 ParOldGen       total 750272K, used 280470K [0x00000000b1800000, 0x00000000df4b0000, 0x00000000e5d60000)
  object space 750272K, 37% used [0x00000000b1800000,0x00000000c29e59f0,0x00000000df4b0000)
 PSPermGen       total 83968K, used 83952K [0x00000000ac600000, 0x00000000b1800000, 0x00000000b1800000)
  object space 83968K, 99% used [0x00000000ac600000,0x00000000b17fc3c0,0x00000000b1800000)
}

